[0m[ INFO] [1642151833.001477611]: Connecting to laser at 192.168.0.240[0m
Creating non-blocking socket.
Connecting socket to laser.
Connected succeeded.
RX: 02 02 02 02 00 0a 12 01 01 26 
RX: 02 02 02 02 00 0a 12 0a 58 86 
RX: 02 02 02 02 00 0d 10 18 21 12 00 15 85 
RX: 02 02 02 02 00 0d 12 0c 21 12 24 12 9c 
RX: 02 02 02 02 00 0a 12 0b 01 30 
[0m[ INFO] [1642151833.004712240]: Connected to lidar.[0m
RX: 02 02 02 02 00 12 10 1c 03 ff f9 22 30 00 22 55 10 1a 
RX: 02 02 02 02 00 0a 12 31 01 56 
[0m[ INFO] [1642151833.162403594]:  69.0045 0.257952[0m
[0m[ INFO] [1642151833.232016119]:  69.0435 0.805928[0m
[0m[ INFO] [1642151833.300490596]:  69.0855 0.250399[0m
[0m[ INFO] [1642151833.369647665]:  69.0955 0.313062[0m
[0m[ INFO] [1642151833.438664926]:  69.0635 0.250637[0m
[0m[ INFO] [1642151833.508271852]:  69.0105 0.833565[0m
[0m[ INFO] [1642151833.580662974]:  68.9525 4.29235[0m
[0m[ INFO] [1642151833.646212358]:  68.8965 0.953982[0m
[0m[ INFO] [1642151833.714376689]:  68.8475 0.257988[0m
[0m[ INFO] [1642151833.783253726]:  68.8055 0.305437[0m
[0m[ INFO] [1642151833.852979084]:  68.7965 1.22618[0m
[0m[ INFO] [1642151833.921925849]:  68.7825 1.40923[0m
[0m[ INFO] [1642151833.989497412]:  68.7785 0.225696[0m
[0m[ INFO] [1642151834.058377361]:  68.7775 0.309625[0m
[0m[ INFO] [1642151834.127054845]:  68.7675 0.241282[0m
[0m[ INFO] [1642151834.195875466]:  68.7655 0.294747[0m
[0m[ INFO] [1642151834.264585526]:  68.7695 0.236276[0m
[0m[ INFO] [1642151834.333395235]:  68.7675 0.277853[0m
[0m[ INFO] [1642151834.402127664]:  68.7685 0.23763[0m
[0m[ INFO] [1642151834.471026557]:  68.8055 0.302966[0m
[0m[ INFO] [1642151834.539801673]:  68.8735 0.235055[0m
[0m[ INFO] [1642151834.608808118]:  68.9585 0.283103[0m
[0m[ INFO] [1642151834.677804451]:  69.0345 0.244302[0m
[0m[ INFO] [1642151834.746968208]:  69.1255 0.282405[0m
[0m[ INFO] [1642151834.816122526]:  69.2095 0.232924[0m
[0m[ INFO] [1642151834.885496011]:  69.2865 0.317257[0m
[0m[ INFO] [1642151834.954767097]:  69.3545 0.237558[0m
[0m[ INFO] [1642151835.024229350]:  69.4135 0.282988[0m
[0m[ INFO] [1642151835.093669844]:  69.4705 0.243001[0m
[0m[ INFO] [1642151835.163292066]:  69.4875 0.35251[0m
[0m[ INFO] [1642151835.232600495]:  69.4665 0.227274[0m
[0m[ INFO] [1642151835.302033725]:  69.4155 0.243855[0m
[0m[ INFO] [1642151835.371392043]:  69.3225 0.235708[0m
[0m[ INFO] [1642151835.440569656]:  69.2025 0.255467[0m
[0m[ INFO] [1642151835.509616613]:  69.0705 0.231386[0m
[0m[ INFO] [1642151835.578572594]:  68.9115 0.278467[0m
[0m[ INFO] [1642151835.647421919]:  68.7635 0.285131[0m
[0m[ INFO] [1642151835.715921867]:  68.6285 0.238125[0m
[0m[ INFO] [1642151835.784441431]:  68.5055 0.244264[0m
[0m[ INFO] [1642151835.852847811]:  68.3955 0.263571[0m
[0m[ INFO] [1642151835.921168111]:  68.2925 0.265175[0m
[0m[ INFO] [1642151835.989353979]:  68.2015 0.274836[0m
[0m[ INFO] [1642151836.057467206]:  68.1115 0.264544[0m
[0m[ INFO] [1642151836.125557394]:  68.0395 0.30315[0m
[0m[ INFO] [1642151836.193768318]:  67.9765 0.428435[0m
[0m[ INFO] [1642151836.261371496]:  67.9105 0.257513[0m
[0m[ INFO] [1642151836.329220404]:  67.8575 0.241032[0m
[0m[ INFO] [1642151836.397176895]:  67.8415 0.332135[0m
[0m[ INFO] [1642151836.464940042]:  67.8525 0.246381[0m
[0m[ INFO] [1642151836.532977141]:  67.8595 0.40278[0m
[0m[ INFO] [1642151836.600764256]:  67.8675 0.320138[0m
[0m[ INFO] [1642151836.668702412]:  67.8765 0.379953[0m
[0m[ INFO] [1642151836.736425655]:  67.8875 0.259967[0m
[0m[ INFO] [1642151836.804510402]:  67.8965 0.339845[0m
[0m[ INFO] [1642151836.872281453]:  67.9085 0.298667[0m
[0m[ INFO] [1642151836.940163161]:  67.9345 0.259713[0m
[0m[ INFO] [1642151837.008167748]:  67.9745 0.280631[0m
[0m[ INFO] [1642151837.079497877]:  68.0235 3.56974[0m
[0m[ INFO] [1642151837.144212987]:  68.0815 0.235138[0m
[0m[ INFO] [1642151837.213320552]:  68.1465 1.16614[0m
[0m[ INFO] [1642151837.280561650]:  68.2155 0.219554[0m
[0m[ INFO] [1642151837.348912926]:  68.2985 0.25727[0m
[0m[ INFO] [1642151837.417318026]:  68.3745 0.28513[0m
[0m[ INFO] [1642151837.485732022]:  68.4355 0.269557[0m
[0m[ INFO] [1642151837.554308099]:  68.4885 0.321143[0m
[0m[ INFO] [1642151837.622778447]:  68.5395 0.290242[0m
[0m[ INFO] [1642151837.691403643]:  68.5915 0.249292[0m
[0m[ INFO] [1642151837.762723084]:  68.6365 2.98555[0m
[0m[ INFO] [1642151837.828616020]:  68.6795 0.230871[0m
[0m[ INFO] [1642151837.897321184]:  68.7135 0.223056[0m
[0m[ INFO] [1642151837.966081485]:  68.7475 0.233978[0m
[0m[ INFO] [1642151838.034979194]:  68.8025 0.328523[0m
[0m[ INFO] [1642151838.103747046]:  68.8595 0.233939[0m
[0m[ INFO] [1642151838.172756979]:  68.9155 0.269563[0m
[0m[ INFO] [1642151838.242254465]:  68.9695 0.793908[0m
[0m[ INFO] [1642151838.310657229]:  69.0215 0.235914[0m
[0m[ INFO] [1642151838.379741754]:  69.0835 0.241841[0m
[0m[ INFO] [1642151838.448960072]:  69.1495 0.284744[0m
[0m[ INFO] [1642151838.518186037]:  69.1715 0.314607[0m
[0m[ INFO] [1642151838.587418530]:  69.1725 0.315853[0m
[0m[ INFO] [1642151838.656487312]:  69.1935 0.265635[0m
[0m[ INFO] [1642151838.725789629]:  69.1785 0.37845[0m
[0m[ INFO] [1642151838.794764138]:  69.1315 0.261657[0m
[0m[ INFO] [1642151838.863840215]:  69.0505 0.28884[0m
[0m[ INFO] [1642151838.932791940]:  68.9565 0.272232[0m
[0m[ INFO] [1642151839.001748113]:  68.8675 0.342577[0m
[0m[ INFO] [1642151839.070394397]:  68.7865 0.237441[0m
[0m[ INFO] [1642151839.139154954]:  68.7245 0.266915[0m
[0m[ INFO] [1642151839.207835990]:  68.6925 0.24106[0m
[0m[ INFO] [1642151839.277785861]:  68.6625 1.54838[0m
[0m[ INFO] [1642151839.345099983]:  68.6495 0.212399[0m
[0m[ INFO] [1642151839.413822940]:  68.6725 0.250321[0m
[0m[ INFO] [1642151839.482483144]:  68.7135 0.212266[0m
[0m[ INFO] [1642151839.551353333]:  68.7465 0.297404[0m
[0m[ INFO] [1642151839.620012577]:  68.7755 0.216932[0m
[0m[ INFO] [1642151839.688902446]:  68.8265 0.277877[0m
[0m[ INFO] [1642151839.757947387]:  68.9055 0.420173[0m
[0m[ INFO] [1642151839.826783080]:  69.0015 0.250789[0m
[0m[ INFO] [1642151839.895898005]:  69.1095 0.258619[0m
[0m[ INFO] [1642151839.965096515]:  69.2315 0.227265[0m
[0m[ INFO] [1642151840.034535440]:  69.3805 0.283551[0m
[0m[ INFO] [1642151840.103976926]:  69.4995 0.2289[0m
[0m[ INFO] [1642151840.173602796]:  69.6215 0.222936[0m
[0m[ INFO] [1642151840.243514490]:  69.7135 0.408203[0m
[0m[ INFO] [1642151840.313126376]:  69.7655 0.221566[0m
[0m[ INFO] [1642151840.382914230]:  69.7775 0.289072[0m
[0m[ INFO] [1642151840.463757910]:  69.7555 11.3707[0m
[0m[ INFO] [1642151840.522305459]:  69.6935 0.22516[0m
[0m[ INFO] [1642151840.591925409]:  69.6035 0.2467[0m
[0m[ INFO] [1642151840.661385518]:  69.4835 0.215183[0m
[0m[ INFO] [1642151840.730728956]:  69.3465 0.217885[0m
[0m[ INFO] [1642151840.799945065]:  69.1995 0.227395[0m
[0m[ INFO] [1642151840.869038678]:  69.0725 0.253507[0m
[0m[ INFO] [1642151840.938039619]:  68.9405 0.290371[0m
[0m[ INFO] [1642151841.006925776]:  68.8275 0.32574[0m
[0m[ INFO] [1642151841.075681405]:  68.7475 0.379253[0m
[0m[ INFO] [1642151841.144231785]:  68.6795 0.230302[0m
[0m[ INFO] [1642151841.212960662]:  68.6125 0.33456[0m
[0m[ INFO] [1642151841.281358370]:  68.5685 0.198946[0m
[0m[ INFO] [1642151841.350045134]:  68.5455 0.288477[0m
[0m[ INFO] [1642151841.418536570]:  68.5275 0.298631[0m
[0m[ INFO] [1642151841.487075815]:  68.5365 0.295273[0m
[0m[ INFO] [1642151841.555541395]:  68.5525 0.219564[0m
[0m[ INFO] [1642151841.624142367]:  68.5775 0.236646[0m
[0m[ INFO] [1642151841.692735051]:  68.5865 0.224696[0m
[0m[ INFO] [1642151841.761450712]:  68.6185 0.301002[0m
[0m[ INFO] [1642151841.830082020]:  68.6605 0.269867[0m
[0m[ INFO] [1642151841.898738865]:  68.7015 0.264869[0m
[0m[ INFO] [1642151841.967428381]:  68.7365 0.227302[0m
[0m[ INFO] [1642151842.036745259]:  68.7655 0.781472[0m
[0m[ INFO] [1642151842.104990839]:  68.7895 0.236567[0m
[0m[ INFO] [1642151842.173779011]:  68.8175 0.20328[0m
[0m[ INFO] [1642151842.242645200]:  68.8395 0.220025[0m
[0m[ INFO] [1642151842.311641629]:  68.8695 0.332242[0m
[0m[ INFO] [1642151842.380390314]:  68.8915 0.216153[0m
[0m[ INFO] [1642151842.449310070]:  68.9065 0.227305[0m
[0m[ INFO] [1642151842.518285027]:  68.9535 0.233409[0m
[0m[ INFO] [1642151842.587453265]:  69.0025 0.307281[0m
[0m[ INFO] [1642151842.656381501]:  69.0395 0.271704[0m
[0m[ INFO] [1642151842.725614187]:  69.0805 0.404728[0m
[0m[ INFO] [1642151842.794630552]:  69.1175 0.310063[0m
[0m[ INFO] [1642151842.863746565]:  69.1745 0.271293[0m
[0m[ INFO] [1642151842.932995986]:  69.1895 0.304595[0m
[0m[ INFO] [1642151843.002264352]:  69.1915 0.363995[0m
[0m[ INFO] [1642151843.071266669]:  69.2095 0.224625[0m
[0m[ INFO] [1642151843.140518074]:  69.1865 0.254911[0m
[0m[ INFO] [1642151843.209605383]:  69.1405 0.222077[0m
[0m[ INFO] [1642151843.278682836]:  69.0625 0.253804[0m
[0m[ INFO] [1642151843.347595489]:  68.9635 0.20242[0m
[0m[ INFO] [1642151843.416576622]:  68.8675 0.290429[0m
[0m[ INFO] [1642151843.485238555]:  68.7855 0.19439[0m
[0m[ INFO] [1642151843.554516808]:  68.7295 0.742032[0m
[0m[ INFO] [1642151843.622677908]:  68.7165 0.187761[0m
[0m[ INFO] [1642151843.691503424]:  68.7075 0.274329[0m
[0m[ INFO] [1642151843.760361965]:  68.7045 0.409019[0m
[0m[ INFO] [1642151843.828869337]:  68.7025 0.261452[0m
[0m[ INFO] [1642151843.897666118]:  68.7215 0.293062[0m
[0m[ INFO] [1642151843.966363891]:  68.7545 0.27807[0m
[0m[ INFO] [1642151844.035148031]:  68.7825 0.278216[0m
[0m[ INFO] [1642151844.103945036]:  68.8145 0.261753[0m
[0m[ INFO] [1642151844.172716249]:  68.8345 0.202952[0m
[0m[ INFO] [1642151844.241711814]:  68.8565 0.202537[0m
[0m[ INFO] [1642151844.310495250]:  68.8775 0.223682[0m
[0m[ INFO] [1642151844.379503967]:  68.8975 0.331098[0m
[0m[ INFO] [1642151844.448348780]:  68.9125 0.242138[0m
[0m[ INFO] [1642151844.517207097]:  68.9345 0.216618[0m
[0m[ INFO] [1642151844.586122182]:  68.9465 0.184793[0m
[0m[ INFO] [1642151844.655185715]:  68.9595 0.267361[0m
[0m[ INFO] [1642151844.724043935]:  68.9645 0.176705[0m
[0m[ INFO] [1642151844.793141837]:  68.9775 0.266489[0m
[0m[ INFO] [1642151844.862064345]:  68.9935 0.211953[0m
[0m[ INFO] [1642151844.931207783]:  68.9995 0.32636[0m
[0m[ INFO] [1642151845.000066291]:  69.0095 0.214288[0m
[0m[ INFO] [1642151845.069104128]:  69.0175 0.227783[0m
[0m[ INFO] [1642151845.138227086]:  69.0315 0.330575[0m
[0m[ INFO] [1642151845.207247259]:  69.0665 0.253054[0m
[0m[ INFO] [1642151845.276403464]:  69.0905 0.320046[0m
[0m[ INFO] [1642151845.345367349]:  69.0825 0.227709[0m
[0m[ INFO] [1642151845.414571202]:  69.0395 0.403172[0m
[0m[ INFO] [1642151845.483660271]:  68.9805 0.480324[0m
[0m[ INFO] [1642151845.552261308]:  68.9255 0.186075[0m
[0m[ INFO] [1642151845.621294281]:  68.8705 0.322955[0m
[0m[ INFO] [1642151845.689967285]:  68.8255 0.192836[0m
[0m[ INFO] [1642151845.758793954]:  68.7835 0.231246[0m
[0m[ INFO] [1642151845.827507950]:  68.7515 0.196406[0m
[0m[ INFO] [1642151845.896269659]:  68.7625 0.194664[0m
[0m[ INFO] [1642151845.965064808]:  68.7915 0.17656[0m
[0m[ INFO] [1642151846.033950836]:  68.8425 0.244001[0m
[0m[ INFO] [1642151846.102780673]:  68.8945 0.177329[0m
[0m[ INFO] [1642151846.171832238]:  68.9445 0.260401[0m
[0m[ INFO] [1642151846.240716507]:  68.9925 0.181873[0m
[0m[ INFO] [1642151846.309855048]:  69.0515 0.24108[0m
[0m[ INFO] [1642151846.379054133]:  69.1235 0.318111[0m
[0m[ INFO] [1642151846.448091779]:  69.1675 0.198469[0m
[0m[ INFO] [1642151846.517482736]:  69.1665 0.369492[0m
[0m[ INFO] [1642151846.586415837]:  69.1365 0.231667[0m
[0m[ INFO] [1642151846.655638762]:  69.1285 0.253681[0m
[0m[ INFO] [1642151846.724705111]:  69.1455 0.22628[0m
[0m[ INFO] [1642151846.793808869]:  69.1515 0.192494[0m
[0m[ INFO] [1642151846.863396051]:  69.1725 0.40299[0m
[0m[ INFO] [1642151846.932198111]:  69.1735 0.214308[0m
[0m[ INFO] [1642151847.001565805]:  69.1355 0.400939[0m
[0m[ INFO] [1642151847.070480826]:  69.0695 0.230114[0m
[0m[ INFO] [1642151847.139403270]:  68.9785 0.217329[0m
[0m[ INFO] [1642151847.208343891]:  68.8925 0.277106[0m
[0m[ INFO] [1642151847.277124736]:  68.8135 0.258187[0m
[0m[ INFO] [1642151847.345975021]:  68.7415 0.335012[0m
[0m[ INFO] [1642151847.421330404]:  68.6715 7.05382[0m
[0m[ INFO] [1642151847.483489222]:  68.6085 0.625392[0m
[0m[ INFO] [1642151847.551691442]:  68.5525 0.270738[0m
[0m[ INFO] [1642151847.620174462]:  68.3841 0.33951[0m
[0m[ INFO] [1642151847.688591626]:  68.4545 0.332936[0m
[0m[ INFO] [1642151847.757019862]:  68.4105 0.329435[0m
[0m[ INFO] [1642151847.825361538]:  68.3725 0.320031[0m
[0m[ INFO] [1642151847.893778126]:  68.3415 0.348698[0m
[0m[ INFO] [1642151847.962129242]:  68.3065 0.392942[0m
[0m[ INFO] [1642151848.030316838]:  68.2915 0.319098[0m
[0m[ INFO] [1642151848.098604882]:  68.2945 0.329453[0m
[0m[ INFO] [1642151848.167307422]:  68.3045 0.666098[0m
[0m[ INFO] [1642151848.235518058]:  68.3105 0.60983[0m
[0m[ INFO] [1642151848.303593205]:  68.3105 0.373817[0m
[0m[ INFO] [1642151848.371979649]:  68.3195 0.410949[0m
[0m[ INFO] [1642151848.440122285]:  68.3235 0.28536[0m
[0m[ INFO] [1642151848.508490361]:  68.3355 0.306652[0m
[0m[ INFO] [1642151848.576860389]:  68.3305 0.322544[0m
[0m[ INFO] [1642151848.645191985]:  68.3445 0.342035[0m
[0m[ INFO] [1642151848.713522621]:  68.3745 0.290439[0m
[0m[ INFO] [1642151848.781949385]:  68.4015 0.307234[0m
[0m[ INFO] [1642151848.850537173]:  68.4275 0.445197[0m
[0m[ INFO] [1642151848.918899361]:  68.4505 0.374016[0m
[0m[ INFO] [1642151848.987262125]:  68.4745 0.284978[0m
[0m[ INFO] [1642151849.055809241]:  68.5025 0.328933[0m
[0m[ INFO] [1642151849.124334406]:  68.5525 0.296872[0m
[0m[ INFO] [1642151849.192957746]:  68.5985 0.297561[0m
[0m[ INFO] [1642151849.261580095]:  68.6455 0.291251[0m
[0m[ INFO] [1642151849.330353739]:  68.6945 0.369541[0m
[0m[ INFO] [1642151849.399738041]:  68.7595 0.976047[0m
[0m[ INFO] [1642151849.467942084]:  68.8235 0.349078[0m
[0m[ INFO] [1642151849.536781361]:  68.8805 0.32303[0m
[0m[ INFO] [1642151849.606149439]:  68.9295 0.720144[0m
[0m[ INFO] [1642151849.675854317]:  68.9745 1.5176[0m
[0m[ INFO] [1642151849.743670648]:  69.0245 0.301822[0m
[0m[ INFO] [1642151849.812794053]:  69.0625 0.360589[0m
[0m[ INFO] [1642151849.881827570]:  69.0855 0.310052[0m
[0m[ INFO] [1642151849.950843999]:  69.0695 0.263035[0m
[0m[ INFO] [1642151850.019945900]:  69.0515 0.30509[0m
[0m[ INFO] [1642151850.089018649]:  69.0655 0.302777[0m
[0m[ INFO] [1642151850.158159143]:  69.0905 0.350217[0m
[0m[ INFO] [1642151850.227196436]:  69.0765 0.325064[0m
[0m[ INFO] [1642151850.296244225]:  69.0545 0.320535[0m
[0m[ INFO] [1642151850.365328366]:  69.0595 0.320607[0m
[0m[ INFO] [1642151850.434520923]:  69.0645 0.436926[0m
[0m[ INFO] [1642151850.503429224]:  69.0485 0.284893[0m
[0m[ INFO] [1642151850.572613845]:  69.0185 0.450028[0m
[0m[ INFO] [1642151850.641471490]:  69.0065 0.351676[0m
[0m[ INFO] [1642151850.710560975]:  69.0115 0.392803[0m
[0m[ INFO] [1642151850.779463644]:  69.0225 0.289971[0m
[0m[ INFO] [1642151850.848559113]:  69.0275 0.37881[0m
[0m[ INFO] [1642151850.917516758]:  69.0545 0.278857[0m
[0m[ INFO] [1642151850.986648515]:  69.0955 0.313488[0m
[0m[ INFO] [1642151851.055760112]:  69.1565 0.268943[0m
[0m[ INFO] [1642151851.125011838]:  69.1885 0.319822[0m
[0m[ INFO] [1642151851.194125323]:  69.1875 0.259828[0m
[0m[ INFO] [1642151851.263289464]:  69.1485 0.272595[0m
[0m[ INFO] [1642151851.332455589]:  69.0855 0.333705[0m
[0m[ INFO] [1642151851.401522835]:  69.0525 0.338249[0m
[0m[ INFO] [1642151851.470509632]:  69.0285 0.303304[0m
[0m[ INFO] [1642151851.539642957]:  69.0295 0.394656[0m
[0m[ INFO] [1642151851.608554138]:  69.0415 0.288471[0m
[0m[ INFO] [1642151851.677662471]:  69.0455 0.338351[0m
[0m[ INFO] [1642151851.746655636]:  69.0485 0.312142[0m
[0m[ INFO] [1642151851.815824065]:  69.0545 0.392733[0m
[0m[ INFO] [1642151851.884782766]:  69.0515 0.312677[0m
[0m[ INFO] [1642151851.953924059]:  69.0255 0.448892[0m
[0m[ INFO] [1642151852.024116874]:  68.9955 1.63927[0m
[0m[ INFO] [1642151852.091732789]:  68.9715 0.287724[0m
[0m[ INFO] [1642151852.160739490]:  68.9485 0.276459[0m
[0m[ INFO] [1642151852.229620655]:  68.9415 0.284451[0m
[0m[ INFO] [1642151852.298612188]:  68.9585 0.316978[0m
[0m[ INFO] [1642151852.367611817]:  68.9595 0.33609[0m
[0m[ INFO] [1642151852.436569077]:  68.9695 0.313554[0m
[0m[ INFO] [1642151852.505656483]:  68.9935 0.393418[0m
[0m[ INFO] [1642151852.574660880]:  69.0505 0.344377[0m
[0m[ INFO] [1642151852.643751229]:  69.1185 0.331049[0m
[0m[ INFO] [1642151852.712822218]:  69.1575 0.282815[0m
[0m[ INFO] [1642151852.781993559]:  69.1645 0.285982[0m
[0m[ INFO] [1642151852.851194340]:  69.1375 0.336692[0m
[0m[ INFO] [1642151852.920330866]:  69.0845 0.406451[0m
[0m[ INFO] [1642151852.989187230]:  68.9985 0.261027[0m
[0m[ INFO] [1642151853.058184971]:  68.9055 0.348859[0m
[0m[ INFO] [1642151853.126949272]:  68.8295 0.27042[0m
[0m[ INFO] [1642151853.195711557]:  68.7515 0.2991[0m
[0m[ INFO] [1642151853.264340049]:  68.6785 0.248046[0m
[0m[ INFO] [1642151853.333003485]:  68.6165 0.290768[0m
[0m[ INFO] [1642151853.401532298]:  68.5545 0.260451[0m
[0m[ INFO] [1642151853.470100790]:  68.5015 0.324349[0m
[0m[ INFO] [1642151853.538667842]:  68.4785 0.38696[0m
[0m[ INFO] [1642151853.607441199]:  68.4585 0.575812[0m
[0m[ INFO] [1642151853.675560730]:  68.4475 0.363533[0m
[0m[ INFO] [1642151853.744090087]:  68.4365 0.432913[0m
[0m[ INFO] [1642151853.812273522]:  68.4345 0.255203[0m
[0m[ INFO] [1642151853.880757823]:  68.4315 0.288174[0m
[0m[ INFO] [1642151853.949331851]:  68.4445 0.388946[0m
[0m[ INFO] [1642151854.017879959]:  68.4705 0.354853[0m
[0m[ INFO] [1642151854.086173411]:  68.4895 0.297983[0m
[0m[ INFO] [1642151854.154860272]:  68.5125 0.442945[0m
[0m[ INFO] [1642151854.223657564]:  68.5285 0.641925[0m
[0m[ INFO] [1642151854.291805160]:  68.5425 0.337207[0m
[0m[ INFO] [1642151854.360313492]:  68.5555 0.314113[0m
[0m[ INFO] [1642151854.428951360]:  68.5755 0.303563[0m
[0m[ INFO] [1642151854.497530765]:  68.6325 0.308141[0m
[0m[ INFO] [1642151854.566173369]:  68.7065 0.26355[0m
[0m[ INFO] [1642151854.634967462]:  68.7755 0.269735[0m
[0m[ INFO] [1642151854.704116435]:  68.8545 0.5318[0m
[0m[ INFO] [1642151854.772735871]:  68.9415 0.253711[0m
[0m[ INFO] [1642151854.842153101]:  69.0185 0.642175[0m
[0m[ INFO] [1642151854.910958458]:  69.0945 0.35547[0m
[0m[ INFO] [1642151854.980055047]:  69.1415 0.320229[0m
[0m[ INFO] [1642151855.049188884]:  69.1935 0.259419[0m
[0m[ INFO] [1642151855.118419202]:  69.2275 0.262081[0m
[0m[ INFO] [1642151855.187664431]:  69.2295 0.277016[0m
[0m[ INFO] [1642151855.256875900]:  69.1925 0.291478[0m
[0m[ INFO] [1642151855.326038441]:  69.1285 0.303252[0m
[0m[ INFO] [1642151855.395105751]:  69.0335 0.329484[0m
[0m[ INFO] [1642151855.464017795]:  68.9335 0.298052[0m
[0m[ INFO] [1642151855.532940880]:  68.8455 0.385021[0m
[0m[ INFO] [1642151855.601695773]:  68.7665 0.361038[0m
[0m[ INFO] [1642151855.670376329]:  68.6995 0.355383[0m
[0m[ INFO] [1642151855.738996566]:  68.6545 0.310825[0m
[0m[ INFO] [1642151855.807592578]:  68.6295 0.311491[0m
[0m[ INFO] [1642151855.876194286]:  68.6015 0.3215[0m
[0m[ INFO] [1642151855.945092923]:  68.5865 0.636367[0m
[0m[ INFO] [1642151856.013305799]:  68.5965 0.249809[0m
[0m[ INFO] [1642151856.082158452]:  68.6075 0.479675[0m
[0m[ INFO] [1642151856.150598528]:  68.6125 0.305085[0m
[0m[ INFO] [1642151856.219552333]:  68.6245 0.323582[0m
[0m[ INFO] [1642151856.287885497]:  68.6655 0.285848[0m
[0m[ INFO] [1642151856.356572645]:  68.7105 0.293865[0m
[0m[ INFO] [1642151856.426451668]:  68.7375 1.43309[0m
[0m[ INFO] [1642151856.494151711]:  68.7675 0.345515[0m
[0m[ INFO] [1642151856.562955595]:  68.7975 0.337924[0m
[0m[ INFO] [1642151856.631735384]:  68.8235 0.324237[0m
[0m[ INFO] [1642151856.700673637]:  68.8485 0.374926[0m
[0m[ INFO] [1642151856.769618034]:  68.8685 0.430894[0m
[0m[ INFO] [1642151856.838258974]:  68.8875 0.252566[0m
[0m[ INFO] [1642151856.907195147]:  68.9065 0.282566[0m
[0m[ INFO] [1642151856.976831769]:  68.9195 0.998608[0m
[0m[ INFO] [1642151857.045087077]:  68.9505 0.281983[0m
[0m[ INFO] [1642151857.114025618]:  68.9985 0.242509[0m
[0m[ INFO] [1642151857.183152607]:  69.0465 0.288157[0m
[0m[ INFO] [1642151857.252154380]:  69.0835 0.2465[0m
[0m[ INFO] [1642151857.321449913]:  69.1385 0.361683[0m
[0m[ INFO] [1642151857.390467622]:  69.1795 0.235385[0m
[0m[ INFO] [1642151857.459679092]:  69.1875 0.258431[0m
[0m[ INFO] [1642151857.529115873]:  69.1515 0.495111[0m
[0m[ INFO] [1642151857.597917934]:  69.0895 0.258558[0m
[0m[ INFO] [1642151857.666920187]:  68.9995 0.253125[0m
[0m[ INFO] [1642151857.735894312]:  68.9045 0.315974[0m
[0m[ INFO] [1642151857.804741717]:  68.8205 0.31079[0m
[0m[ INFO] [1642151857.873549761]:  68.7435 0.375791[0m
[0m[ INFO] [1642151857.942089518]:  68.6725 0.265872[0m
[0m[ INFO] [1642151858.010718810]:  68.6075 0.305691[0m
[0m[ INFO] [1642151858.079227206]:  68.5515 0.269317[0m
[0m[ INFO] [1642151858.147748914]:  68.5045 0.285223[0m
[0m[ INFO] [1642151858.216157790]:  68.4505 0.244666[0m
[0m[ INFO] [1642151858.284578827]:  68.4095 0.251253[0m
[0m[ INFO] [1642151858.352972375]:  68.3735 0.258609[0m
[0m[ INFO] [1642151858.421354787]:  68.3445 0.307412[0m
[0m[ INFO] [1642151858.490686256]:  68.3465 1.29623[0m
[0m[ INFO] [1642151858.558013850]:  68.3415 0.272291[0m
[0m[ INFO] [1642151858.626375014]:  68.3495 0.273567[0m
[0m[ INFO] [1642151858.694792210]:  68.3785 0.319186[0m
[0m[ INFO] [1642151858.763266559]:  68.4095 0.353965[0m
[0m[ INFO] [1642151858.831876331]:  68.4345 0.559457[0m
[0m[ INFO] [1642151858.899983863]:  68.4555 0.228683[0m
[0m[ INFO] [1642151858.968494499]:  68.4795 0.259863[0m
[0m[ INFO] [1642151859.036986863]:  68.5095 0.242737[0m
[0m[ INFO] [1642151859.105666683]:  68.5615 0.263243[0m
[0m[ INFO] [1642151859.174179848]:  68.6055 0.243078[0m
[0m[ INFO] [1642151859.242841108]:  68.6405 0.282535[0m
[0m[ INFO] [1642151859.311695713]:  68.6805 0.415049[0m
[0m[ INFO] [1642151859.380336397]:  68.7395 0.298641[0m
[0m[ INFO] [1642151859.449124474]:  68.8075 0.308283[0m
[0m[ INFO] [1642151859.517973543]:  68.8655 0.329267[0m
[0m[ INFO] [1642151859.586815667]:  68.9365 0.229586[0m
[0m[ INFO] [1642151859.655905185]:  69.0375 0.277322[0m
[0m[ INFO] [1642151859.724997038]:  69.1415 0.232225[0m
[0m[ INFO] [1642151859.794227675]:  69.2135 0.252215[0m
[0m[ INFO] [1642151859.863551337]:  69.2485 0.309493[0m
[0m[ INFO] [1642151859.932861398]:  69.2405 0.349396[0m
[0m[ INFO] [1642151860.001955555]:  69.2035 0.272602[0m
[0m[ INFO] [1642151860.071147440]:  69.1365 0.323032[0m
[0m[ INFO] [1642151860.140075677]:  69.0365 0.235576[0m
[0m[ INFO] [1642151860.209048970]:  68.9165 0.290264[0m
[0m[ INFO] [1642151860.277804855]:  68.7985 0.249065[0m
[0m[ INFO] [1642151860.346495267]:  68.6935 0.246722[0m
[0m[ INFO] [1642151860.415515344]:  68.5975 0.667068[0m
[0m[ INFO] [1642151860.483872060]:  68.5065 0.520367[0m
[0m[ INFO] [1642151860.552022088]:  68.4325 0.228306[0m
[0m[ INFO] [1642151860.620719765]:  68.3635 0.523933[0m
[0m[ INFO] [1642151860.688660320]:  68.2905 0.219505[0m
[0m[ INFO] [1642151860.757076236]:  68.2255 0.378574[0m
[0m[ INFO] [1642151860.825130391]:  68.1735 0.260874[0m
[0m[ INFO] [1642151860.893375267]:  68.1365 0.358159[0m
[0m[ INFO] [1642151860.961327759]:  68.1235 0.230683[0m
[0m[ INFO] [1642151861.034204738]:  68.1075 5.00312[0m
[0m[ INFO] [1642151861.097536870]:  68.0925 0.243246[0m
[0m[ INFO] [1642151861.165653809]:  68.0845 0.252947[0m
[0m[ INFO] [1642151861.233786845]:  68.0745 0.318184[0m
[0m[ INFO] [1642151861.301842728]:  68.0645 0.302701[0m
[0m[ INFO] [1642151861.369856884]:  68.0565 0.252915[0m
[0m[ INFO] [1642151861.438493408]:  68.0565 0.846905[0m
[0m[ INFO] [1642151861.505946475]:  68.0555 0.237093[0m
[0m[ INFO] [1642151861.573993046]:  68.0535 0.22589[0m
[0m[ INFO] [1642151861.642072514]:  68.0575 0.248448[0m
[0m[ INFO] [1642151861.710321902]:  68.0805 0.385445[0m
[0m[ INFO] [1642151861.778526457]:  68.1075 0.486994[0m
[0m[ INFO] [1642151861.846494757]:  68.1325 0.335798[0m
[0m[ INFO] [1642151861.914483152]:  68.1535 0.209331[0m
[0m[ INFO] [1642151861.982798716]:  68.1745 0.34276[0m
[0m[ INFO] [1642151862.055665647]:  68.1905 5.02544[0m
[0m[ INFO] [1642151862.119083059]:  68.2045 0.232193[0m
[0m[ INFO] [1642151862.187467263]:  68.2425 0.276853[0m
[0m[ INFO] [1642151862.255664939]:  68.2785 0.277641[0m
[0m[ INFO] [1642151862.324012023]:  68.3145 0.304509[0m
[0m[ INFO] [1642151862.392451363]:  68.3465 0.387664[0m
[0m[ INFO] [1642151862.460640527]:  68.3795 0.223996[0m
[0m[ INFO] [1642151862.529119995]:  68.4075 0.304615[0m
[0m[ INFO] [1642151862.597807751]:  68.4315 0.560978[0m
[0m[ INFO] [1642151862.665937331]:  68.4585 0.23466[0m
[0m[ INFO] [1642151862.734456255]:  68.4805 0.247879[0m
[0m[ INFO] [1642151862.803062092]:  68.5005 0.329321[0m
[0m[ INFO] [1642151862.871585912]:  68.5145 0.350397[0m
[0m[ INFO] [1642151862.940055012]:  68.5335 0.283063[0m
[0m[ INFO] [1642151863.008517712]:  68.5545 0.217737[0m
[0m[ INFO] [1642151863.077129916]:  68.5745 0.264347[0m
[0m[ INFO] [1642151863.145697385]:  68.5895 0.242069[0m
[0m[ INFO] [1642151863.214286485]:  68.6025 0.228071[0m
[0m[ INFO] [1642151863.282906593]:  68.6195 0.222353[0m
[0m[ INFO] [1642151863.351564814]:  68.6305 0.259011[0m
[0m[ INFO] [1642151863.420288794]:  68.6405 0.307876[0m
[0m[ INFO] [1642151863.489007207]:  68.6425 0.372631[0m
[0m[ INFO] [1642151863.557723284]:  68.6475 0.48016[0m
[0m[ INFO] [1642151863.626238304]:  68.5746 0.42421[0m
[0m[ INFO] [1642151863.694743884]:  68.6655 0.270636[0m
[0m[ INFO] [1642151863.763571609]:  68.7085 0.380173[0m
[0m[ INFO] [1642151863.832284773]:  68.7435 0.342166[0m
[0m[ INFO] [1642151863.901115474]:  68.7845 0.364279[0m
[0m[ INFO] [1642151863.969955263]:  68.8585 0.336936[0m
[0m[ INFO] [1642151864.038912620]:  68.9455 0.395231[0m
[0m[ INFO] [1642151864.107884985]:  69.0275 0.338438[0m
[0m[ INFO] [1642151864.176967142]:  69.0995 0.322318[0m
[0m[ INFO] [1642151864.246088147]:  69.1525 0.289325[0m
[0m[ INFO] [1642151864.315379264]:  69.1635 0.349267[0m
[0m[ INFO] [1642151864.384467117]:  69.1325 0.35189[0m
[0m[ INFO] [1642151864.453798075]:  69.0705 0.620834[0m
[0m[ INFO] [1642151864.522480551]:  69.0265 0.285424[0m
[0m[ INFO] [1642151864.591661749]:  68.9975 0.4266[0m
[0m[ INFO] [1642151864.660530689]:  68.9725 0.372135[0m
[0m[ INFO] [1642151864.729584367]:  68.9685 0.390567[0m
[0m[ INFO] [1642151864.798400283]:  68.9785 0.292663[0m
[0m[ INFO] [1642151864.867503368]:  68.9905 0.401351[0m
[0m[ INFO] [1642151864.936377653]:  69.0025 0.278774[0m
[0m[ INFO] [1642151865.005432290]:  69.0165 0.305846[0m
[0m[ INFO] [1642151865.074455695]:  69.0235 0.307581[0m
[0m[ INFO] [1642151865.143613213]:  69.0315 0.406661[0m
[0m[ INFO] [1642151865.212540361]:  69.0355 0.31742[0m
[0m[ INFO] [1642151865.281594230]:  69.0405 0.346411[0m
[0m[ INFO] [1642151865.350588931]:  69.0455 0.292482[0m
[0m[ INFO] [1642151865.419687505]:  69.0585 0.324626[0m
[0m[ INFO] [1642151865.488761374]:  69.1045 0.299025[0m
[0m[ INFO] [1642151865.557966603]:  69.1685 0.3452[0m
[0m[ INFO] [1642151865.627124888]:  69.1945 0.29491[0m
[0m[ INFO] [1642151865.696316678]:  69.1765 0.322844[0m
[0m[ INFO] [1642151865.765389171]:  69.1255 0.269204[0m
[0m[ INFO] [1642151865.834495712]:  69.0465 0.328867[0m
[0m[ INFO] [1642151865.903535917]:  68.9535 0.378491[0m
[0m[ INFO] [1642151865.972420666]:  68.8625 0.396971[0m
[0m[ INFO] [1642151866.041122662]:  68.7805 0.331564[0m
[0m[ INFO] [1642151866.109880019]:  68.7125 0.350926[0m
[0m[ INFO] [1642151866.179587201]:  68.6505 1.37066[0m
[0m[ INFO] [1642151866.247110060]:  68.6015 0.365849[0m
[0m[ INFO] [1642151866.315764312]:  68.5805 0.392411[0m
[0m[ INFO] [1642151866.384428228]:  68.5625 0.505677[0m
[0m[ INFO] [1642151866.452686864]:  68.5435 0.270071[0m
[0m[ INFO] [1642151866.521246717]:  68.5455 0.279537[0m
[0m[ INFO] [1642151866.589829001]:  68.5775 0.292748[0m
[0m[ INFO] [1642151866.658505973]:  68.6245 0.336558[0m
[0m[ INFO] [1642151866.727200706]:  68.6715 0.366552[0m
[0m[ INFO] [1642151866.795836686]:  68.7135 0.288433[0m
[0m[ INFO] [1642151866.864701691]:  68.7445 0.408434[0m
[0m[ INFO] [1642151866.933389287]:  68.7745 0.309891[0m
[0m[ INFO] [1642151867.002240436]:  68.8015 0.372124[0m
[0m[ INFO] [1642151867.071152961]:  68.8315 0.396901[0m
[0m[ INFO] [1642151867.139836366]:  68.8535 0.286044[0m
[0m[ INFO] [1642151867.208722586]:  68.8955 0.274565[0m
[0m[ INFO] [1642151867.277693799]:  68.9435 0.298285[0m
[0m[ INFO] [1642151867.346731252]:  68.9915 0.319604[0m
[0m[ INFO] [1642151867.415952642]:  69.0355 0.487805[0m
[0m[ INFO] [1642151867.484915791]:  69.1055 0.356562[0m
[0m[ INFO] [1642151867.554088988]:  69.1955 0.321242[0m
[0m[ INFO] [1642151867.623530570]:  69.2565 0.460663[0m
[0m[ INFO] [1642151867.692601271]:  69.2685 0.323958[0m
[0m[ INFO] [1642151867.761854244]:  69.2455 0.344876[0m
[0m[ INFO] [1642151867.831106033]:  69.1915 0.391346[0m
[0m[ INFO] [1642151867.900206879]:  69.1075 0.393944[0m
[0m[ INFO] [1642151867.969063179]:  68.9985 0.27556[0m
[0m[ INFO] [1642151868.038009944]:  68.8745 0.343865[0m
[0m[ INFO] [1642151868.106704581]:  68.7625 0.274666[0m
[0m[ INFO] [1642151868.176000722]:  68.6545 0.9199[0m
[0m[ INFO] [1642151868.243935198]:  68.5665 0.291469[0m
[0m[ INFO] [1642151868.312489578]:  68.5155 0.312921[0m
[0m[ INFO] [1642151868.381006838]:  68.4865 0.329067[0m
[0m[ INFO] [1642151868.449900739]:  68.4735 0.584774[0m
[0m[ INFO] [1642151868.517974318]:  68.4625 0.341592[0m
[0m[ INFO] [1642151868.586547451]:  68.4475 0.442019[0m
[0m[ INFO] [1642151868.654759494]:  68.4545 0.27263[0m
[0m[ INFO] [1642151868.723262131]:  68.4975 0.279665[0m
[0m[ INFO] [1642151868.791822047]:  68.5475 0.288443[0m
[0m[ INFO] [1642151868.860399499]:  68.5965 0.268957[0m
[0m[ INFO] [1642151868.929065272]:  68.6475 0.272103[0m
[0m[ INFO] [1642151868.997881956]:  68.6905 0.384024[0m
[0m[ INFO] [1642151869.066676209]:  68.7335 0.338066[0m
[0m[ INFO] [1642151869.135455806]:  68.7935 0.37649[0m
[0m[ INFO] [1642151869.204212938]:  68.8605 0.321355[0m
[0m[ INFO] [1642151869.273265495]:  68.9135 0.500963[0m
[0m[ INFO] [1642151869.342066308]:  68.9645 0.309699[0m
[0m[ INFO] [1642151869.411211377]:  69.0115 0.419818[0m
[0m[ INFO] [1642151869.480140126]:  69.0555 0.30725[0m
[0m[ INFO] [1642151869.549416076]:  69.1205 0.447888[0m
[0m[ INFO] [1642151869.618466553]:  69.1645 0.335311[0m
[0m[ INFO] [1642151869.687819174]:  69.2165 0.466766[0m
[0m[ INFO] [1642151869.757224116]:  69.2375 0.673732[0m
[0m[ INFO] [1642151869.826139361]:  69.2215 0.299065[0m
[0m[ INFO] [1642151869.895466990]:  69.1865 0.52004[0m
[0m[ INFO] [1642151869.964385371]:  69.1685 0.271143[0m
[0m[ INFO] [1642151870.033514408]:  69.1165 0.268006[0m
[0m[ INFO] [1642151870.102577461]:  69.0445 0.298021[0m
[0m[ INFO] [1642151870.171483010]:  68.9475 0.259757[0m
[0m[ INFO] [1642151870.240342831]:  68.8585 0.258909[0m
[0m[ INFO] [1642151870.309135996]:  68.7935 0.255958[0m
[0m[ INFO] [1642151870.378007560]:  68.7605 0.348119[0m
[0m[ INFO] [1642151870.446719349]:  68.7315 0.327777[0m
[0m[ INFO] [1642151870.515458561]:  68.7195 0.360297[0m
[0m[ INFO] [1642151870.584091342]:  68.7205 0.268523[0m
[0m[ INFO] [1642151870.652798394]:  68.7205 0.266668[0m
[0m[ INFO] [1642151870.721502119]:  68.7225 0.251838[0m
[0m[ INFO] [1642151870.790326324]:  68.7435 0.308134[0m
[0m[ INFO] [1642151870.859036640]:  68.7805 0.256711[0m
[0m[ INFO] [1642151870.927941581]:  68.8005 0.332201[0m
[0m[ INFO] [1642151870.996770650]:  68.8265 0.342394[0m
[0m[ INFO] [1642151871.065520358]:  68.8535 0.256401[0m
[0m[ INFO] [1642151871.134424947]:  68.8755 0.268954[0m
[0m[ INFO] [1642151871.203444736]:  68.8985 0.311082[0m
[0m[ INFO] [1642151871.272231181]:  68.9165 0.26833[0m
[0m[ INFO] [1642151871.341165722]:  68.9345 0.274747[0m
[0m[ INFO] [1642151871.410149927]:  68.9495 0.287602[0m
[0m[ INFO] [1642151871.479148404]:  68.9905 0.311201[0m
[0m[ INFO] [1642151871.548161633]:  69.0335 0.308026[0m
[0m[ INFO] [1642151871.617223086]:  69.0675 0.303873[0m
[0m[ INFO] [1642151871.686254843]:  69.0955 0.239016[0m
[0m[ INFO] [1642151871.755464264]:  69.0955 0.26747[0m
[0m[ INFO] [1642151871.824419317]:  69.0575 0.250982[0m
[0m[ INFO] [1642151871.893465634]:  69.0055 0.279133[0m
[0m[ INFO] [1642151871.962545391]:  68.9755 0.361381[0m
[0m[ INFO] [1642151872.031531388]:  68.9485 0.402341[0m
[0m[ INFO] [1642151872.100296169]:  68.9275 0.262285[0m
[0m[ INFO] [1642151872.169214102]:  68.9025 0.284508[0m
[0m[ INFO] [1642151872.239216356]:  68.8915 1.38983[0m
[0m[ INFO] [1642151872.306995791]:  68.9035 0.265325[0m
[0m[ INFO] [1642151872.375882652]:  68.9175 0.235589[0m
[0m[ INFO] [1642151872.444917545]:  68.9365 0.326181[0m
[0m[ INFO] [1642151872.513842166]:  68.9485 0.282821[0m
[0m[ INFO] [1642151872.582818339]:  68.9635 0.302285[0m
[0m[ INFO] [1642151872.651883536]:  68.9775 0.382597[0m
[0m[ INFO] [1642151872.720928797]:  69.0045 0.407621[0m
[0m[ INFO] [1642151872.789855434]:  69.0465 0.290324[0m
[0m[ INFO] [1642151872.858894167]:  69.0805 0.294803[0m
[0m[ INFO] [1642151872.928319429]:  69.1025 0.581858[0m
[0m[ INFO] [1642151872.997275954]:  69.0905 0.484369[0m
[0m[ INFO] [1642151873.067692065]:  69.0365 1.86511[0m
[0m[ INFO] [1642151873.135154795]:  68.9715 0.348472[0m
[0m[ INFO] [1642151873.203998744]:  68.9135 0.260944[0m
[0m[ INFO] [1642151873.272831429]:  68.8595 0.255289[0m
[0m[ INFO] [1642151873.341671762]:  68.8075 0.274721[0m
[0m[ INFO] [1642151873.410501726]:  68.7625 0.348146[0m
[0m[ INFO] [1642151873.479403339]:  68.7235 0.443356[0m
[0m[ INFO] [1642151873.547956247]:  68.6875 0.351493[0m
[0m[ INFO] [1642151873.616585860]:  68.6525 0.329063[0m
[0m[ INFO] [1642151873.685282096]:  68.6295 0.392289[0m
[0m[ INFO] [1642151873.753927453]:  68.6005 0.440642[0m
[0m[ INFO] [1642151873.822447209]:  68.5765 0.386789[0m
[0m[ INFO] [1642151873.890811925]:  68.5545 0.242839[0m
[0m[ INFO] [1642151873.959496097]:  68.5375 0.274321[0m
[0m[ INFO] [1642151874.027880493]:  68.5245 0.246547[0m
[0m[ INFO] [1642151874.096448858]:  68.5365 0.280151[0m
[0m[ INFO] [1642151874.165018470]:  68.5595 0.266465[0m
[0m[ INFO] [1642151874.233804051]:  68.6085 0.433922[0m
[0m[ INFO] [1642151874.302313631]:  68.6535 0.30342[0m
[0m[ INFO] [1642151874.371072203]:  68.6925 0.353181[0m
[0m[ INFO] [1642151874.439656376]:  68.7225 0.243279[0m
[0m[ INFO] [1642151874.508557541]:  68.7575 0.355975[0m
[0m[ INFO] [1642151874.577284145]:  68.7895 0.286657[0m
[0m[ INFO] [1642151874.646059422]:  68.8465 0.259857[0m
[0m[ INFO] [1642151874.715199691]:  68.9035 0.384794[0m
[0m[ INFO] [1642151874.784186968]:  68.9645 0.450682[0m
[0m[ INFO] [1642151874.853036901]:  69.0435 0.295585[0m
[0m[ INFO] [1642151874.922064370]:  69.1225 0.233328[0m
[0m[ INFO] [1642151874.991364543]:  69.1755 0.30831[0m
[0m[ INFO] [1642151875.060676141]:  69.2175 0.452237[0m
[0m[ INFO] [1642151875.129742970]:  69.2915 0.229394[0m
[0m[ INFO] [1642151875.199160199]:  69.3555 0.265047[0m
[0m[ INFO] [1642151875.268516725]:  69.3765 0.253685[0m
[0m[ INFO] [1642151875.337884355]:  69.3625 0.273218[0m
[0m[ INFO] [1642151875.407227632]:  69.3195 0.274408[0m
[0m[ INFO] [1642151875.476510046]:  69.2885 0.289477[0m
[0m[ INFO] [1642151875.545756715]:  69.2955 0.24542[0m
[0m[ INFO] [1642151875.615499609]:  69.2935 0.687074[0m
[0m[ INFO] [1642151875.684367302]:  69.2415 0.25004[0m
[0m[ INFO] [1642151875.753537171]:  69.1705 0.314182[0m
[0m[ INFO] [1642151875.822535936]:  69.0705 0.243157[0m
[0m[ INFO] [1642151875.891589229]:  68.9445 0.352149[0m
[0m[ INFO] [1642151875.960290650]:  68.8215 0.237198[0m
[0m[ INFO] [1642151876.029056358]:  68.7375 0.257511[0m
[0m[ INFO] [1642151876.097724883]:  68.6695 0.261281[0m
[0m[ INFO] [1642151876.166297535]:  68.6065 0.229202[0m
[0m[ INFO] [1642151876.234866635]:  68.5425 0.233125[0m
[0m[ INFO] [1642151876.303529592]:  68.4925 0.39092[0m
[0m[ INFO] [1642151876.371810852]:  68.4445 0.243307[0m
[0m[ INFO] [1642151876.440193072]:  68.4025 0.241598[0m
[0m[ INFO] [1642151876.508710748]:  68.3705 0.386961[0m
[0m[ INFO] [1642151876.577041032]:  68.3705 0.333125[0m
[0m[ INFO] [1642151876.645307636]:  68.4025 0.216056[0m
[0m[ INFO] [1642151876.713756640]:  68.4315 0.227843[0m
[0m[ INFO] [1642151876.782208684]:  68.4525 0.228358[0m
[0m[ INFO] [1642151876.850744216]:  68.4875 0.270576[0m
[0m[ INFO] [1642151876.919434661]:  68.5365 0.30933[0m
[0m[ INFO] [1642151876.988017553]:  68.5875 0.394877[0m
[0m[ INFO] [1642151877.056515933]:  68.6335 0.278038[0m
[0m[ INFO] [1642151877.125135690]:  68.6835 0.229343[0m
[0m[ INFO] [1642151877.193982486]:  68.7515 0.247625[0m
[0m[ INFO] [1642151877.262749219]:  68.8115 0.263986[0m
[0m[ INFO] [1642151877.331848880]:  68.8715 0.459003[0m
[0m[ INFO] [1642151877.400580605]:  68.9275 0.274498[0m
[0m[ INFO] [1642151877.469499785]:  68.9675 0.245258[0m
[0m[ INFO] [1642151877.538548599]:  69.0115 0.274161[0m
[0m[ INFO] [1642151877.607537892]:  69.0475 0.241784[0m
[0m[ INFO] [1642151877.676664049]:  69.0855 0.265072[0m
[0m[ INFO] [1642151877.745686782]:  69.0935 0.213895[0m
[0m[ INFO] [1642151877.814818955]:  69.0655 0.278622[0m
[0m[ INFO] [1642151877.883854424]:  69.0095 0.27807[0m
[0m[ INFO] [1642151877.953032741]:  68.9515 0.320478[0m
[0m[ INFO] [1642151878.021921842]:  68.8925 0.476894[0m
[0m[ INFO] [1642151878.090512638]:  68.8405 0.270686[0m
[0m[ INFO] [1642151878.159406699]:  68.7945 0.237615[0m
[0m[ INFO] [1642151878.228116344]:  68.7825 0.279712[0m
[0m[ INFO] [1642151878.296833732]:  68.7765 0.233889[0m
[0m[ INFO] [1642151878.365781265]:  68.7685 0.385378[0m
[0m[ INFO] [1642151878.435187199]:  68.7905 1.02735[0m
[0m[ INFO] [1642151878.503299274]:  68.8115 0.303899[0m
[0m[ INFO] [1642151878.572009623]:  68.8375 0.214804[0m
[0m[ INFO] [1642151878.640882404]:  68.8595 0.226333[0m
[0m[ INFO] [1642151878.709772913]:  68.8795 0.22058[0m
[0m[ INFO] [1642151878.778936542]:  68.9315 0.420749[0m
[0m[ INFO] [1642151878.847742346]:  68.9845 0.260076[0m
[0m[ INFO] [1642151878.916967000]:  69.0625 0.366556[0m
[0m[ INFO] [1642151878.985875109]:  69.1395 0.216547[0m
[0m[ INFO] [1642151879.055177522]:  69.2215 0.301017[0m
[0m[ INFO] [1642151879.124409183]:  69.2965 0.236278[0m
[0m[ INFO] [1642151879.193794957]:  69.3735 0.240428[0m
[0m[ INFO] [1642151879.263241275]:  69.4255 0.255553[0m
[0m[ INFO] [1642151879.332804713]:  69.4795 0.335589[0m
[0m[ INFO] [1642151879.402342678]:  69.5095 0.332858[0m
[0m[ INFO] [1642151879.471834084]:  69.5415 0.297678[0m
[0m[ INFO] [1642151879.541374162]:  69.5535 0.272899[0m
[0m[ INFO] [1642151879.611534497]:  69.4068 1.0759[0m
[0m[ INFO] [1642151879.680238349]:  69.4495 0.327245[0m
[0m[ INFO] [1642151879.749619771]:  69.3605 0.347851[0m
[0m[ INFO] [1642151879.818877704]:  69.2925 0.313929[0m
[0m[ INFO] [1642151879.888150550]:  69.2125 0.361832[0m
[0m[ INFO] [1642151879.957283011]:  69.1035 0.366767[0m
[0m[ INFO] [1642151880.026339792]:  68.9705 0.441726[0m
[0m[ INFO] [1642151880.095017917]:  68.8455 0.315638[0m
[0m[ INFO] [1642151880.163812425]:  68.7285 0.389048[0m
[0m[ INFO] [1642151880.232401206]:  68.6265 0.323785[0m
[0m[ INFO] [1642151880.301079298]:  68.5555 0.406932[0m
[0m[ INFO] [1642151880.369430574]:  68.5025 0.320295[0m
[0m[ INFO] [1642151880.438038874]:  68.4575 0.449409[0m
[0m[ INFO] [1642151880.506298534]:  68.4055 0.321212[0m
[0m[ INFO] [1642151880.574852146]:  68.3675 0.401128[0m
[0m[ INFO] [1642151880.643049662]:  68.3415 0.371012[0m
[0m[ INFO] [1642151880.711386250]:  68.3415 0.336159[0m
[0m[ INFO] [1642151880.779684598]:  68.3525 0.308291[0m
[0m[ INFO] [1642151880.849852037]:  68.3785 2.08284[0m
[0m[ INFO] [1642151880.916521486]:  68.4085 0.352697[0m
[0m[ INFO] [1642151880.984941754]:  68.4395 0.328708[0m
[0m[ INFO] [1642151881.053534215]:  68.4595 0.466895[0m
[0m[ INFO] [1642151881.121971731]:  68.4875 0.418298[0m
[0m[ INFO] [1642151881.190397791]:  68.5445 0.306012[0m
[0m[ INFO] [1642151881.259106475]:  68.6255 0.37695[0m
[0m[ INFO] [1642151881.327802392]:  68.7025 0.371752[0m
[0m[ INFO] [1642151881.396636260]:  68.7875 0.414832[0m
[0m[ INFO] [1642151881.465426577]:  68.8975 0.318952[0m
[0m[ INFO] [1642151881.534473854]:  69.0165 0.348392[0m
[0m[ INFO] [1642151881.603683564]:  69.1275 0.384526[0m
[0m[ INFO] [1642151881.672944185]:  69.2495 0.416421[0m
[0m[ INFO] [1642151881.742189990]:  69.3485 0.34013[0m
[0m[ INFO] [1642151881.811609300]:  69.4015 0.357368[0m
[0m[ INFO] [1642151881.881068930]:  69.4165 0.376245[0m
[0m[ INFO] [1642151881.950434735]:  69.3995 0.348314[0m
[0m[ INFO] [1642151882.019820893]:  69.3495 0.393167[0m
[0m[ INFO] [1642151882.089711083]:  69.2625 1.01939[0m
[0m[ INFO] [1642151882.158151447]:  69.1515 0.321636[0m
[0m[ INFO] [1642151882.227237476]:  69.0195 0.374411[0m
[0m[ INFO] [1642151882.296240561]:  68.8875 0.477299[0m
[0m[ INFO] [1642151882.364842366]:  68.7735 0.323085[0m
[0m[ INFO] [1642151882.433558922]:  68.6625 0.34835[0m
[0m[ INFO] [1642151882.502237719]:  68.5715 0.429065[0m
[0m[ INFO] [1642151882.570653155]:  68.4855 0.424515[0m
[0m[ INFO] [1642151882.638997103]:  68.4065 0.356022[0m
[0m[ INFO] [1642151882.707260923]:  68.3305 0.29393[0m
[0m[ INFO] [1642151882.775562471]:  68.2625 0.331741[0m
[0m[ INFO] [1642151882.843741202]:  68.2065 0.303986[0m
[0m[ INFO] [1642151882.911914974]:  68.1645 0.314807[0m
[0m[ INFO] [1642151882.980073194]:  68.1165 0.323067[0m
[0m[ INFO] [1642151883.048336341]:  68.0725 0.537185[0m
[0m[ INFO] [1642151883.116146144]:  68.0235 0.303726[0m
[0m[ INFO] [1642151883.186388175]:  67.9955 2.55494[0m
[0m[ INFO] [1642151883.252228183]:  67.9995 0.417321[0m
[0m[ INFO] [1642151883.325719052]:  67.9885 5.85244[0m
[0m[ INFO] [1642151883.388089742]:  67.9855 0.305069[0m
[0m[ INFO] [1642151883.456108825]:  67.9845 0.342898[0m
[0m[ INFO] [1642151883.524055109]:  67.9875 0.299425[0m
[0m[ INFO] [1642151883.596980312]:  67.9875 4.09308[0m
[0m[ INFO] [1642151883.660044540]:  67.9985 0.302179[0m
[0m[ INFO] [1642151883.728616424]:  68.0345 0.839002[0m
[0m[ INFO] [1642151883.796175507]:  68.0635 0.330374[0m
[0m[ INFO] [1642151883.864286558]:  68.1055 0.344099[0m
[0m[ INFO] [1642151883.932466474]:  68.1585 0.343096[0m
[0m[ INFO] [1642151884.000755606]:  68.2115 0.410245[0m
[0m[ INFO] [1642151884.068882657]:  68.2585 0.302968[0m
[0m[ INFO] [1642151884.137296013]:  68.3055 0.393236[0m
[0m[ INFO] [1642151884.205529401]:  68.3405 0.309688[0m
[0m[ INFO] [1642151884.273998405]:  68.3995 0.353667[0m
[0m[ INFO] [1642151884.342448177]:  68.4615 0.33395[0m
[0m[ INFO] [1642151884.411026174]:  68.5195 0.328617[0m
[0m[ INFO] [1642151884.479707850]:  68.5975 0.504003[0m
[0m[ INFO] [1642151884.548399447]:  68.6735 0.512221[0m
[0m[ INFO] [1642151884.616955651]:  68.7755 0.296453[0m
[0m[ INFO] [1642151884.685926544]:  68.8935 0.374077[0m
[0m[ INFO] [1642151884.755554814]:  69.0135 0.990614[0m
[0m[ INFO] [1642151884.824360395]:  69.1255 0.673357[0m
[0m[ INFO] [1642151884.893270999]:  69.2495 0.331841[0m
[0m[ INFO] [1642151884.962582085]:  69.3375 0.315479[0m
[0m[ INFO] [1642151885.031978707]:  69.3925 0.31474[0m
[0m[ INFO] [1642151885.101483296]:  69.4545 0.369345[0m
[0m[ INFO] [1642151885.173311730]:  69.4985 2.69803[0m
[0m[ INFO] [1642151885.240600444]:  69.5585 0.372762[0m
[0m[ INFO] [1642151885.310101002]:  69.6205 0.308694[0m
[0m[ INFO] [1642151885.379793592]:  69.6675 0.322362[0m
[0m[ INFO] [1642151885.449478214]:  69.6735 0.337069[0m
[0m[ INFO] [1642151885.519502901]:  69.6555 0.653073[0m
[0m[ INFO] [1642151885.588764386]:  69.6365 0.3195[0m
[0m[ INFO] [1642151885.660082195]:  69.6075 2.03275[0m
[0m[ INFO] [1642151885.727929310]:  69.5475 0.296405[0m
[0m[ INFO] [1642151885.797360716]:  69.4515 0.331865[0m
[0m[ INFO] [1642151885.866639033]:  69.3255 0.282991[0m
[0m[ INFO] [1642151885.935863078]:  69.1815 0.327525[0m
[0m[ INFO] [1642151886.004865715]:  69.0175 0.311005[0m
[0m[ INFO] [1642151886.074220193]:  68.8455 0.802775[0m
[0m[ INFO] [1642151886.142375212]:  68.6915 0.283615[0m
[0m[ INFO] [1642151886.210988121]:  68.5645 0.323458[0m
[0m[ INFO] [1642151886.279517477]:  68.4435 0.397932[0m
[0m[ INFO] [1642151886.347747089]:  68.3565 0.290512[0m
[0m[ INFO] [1642151886.416123165]:  68.3105 0.29962[0m
[0m[ INFO] [1642151886.484612873]:  68.2795 0.510928[0m
[0m[ INFO] [1642151886.555989242]:  68.2575 3.68622[0m
[0m[ INFO] [1642151886.620826784]:  68.2355 0.28972[0m
[0m[ INFO] [1642151886.689048780]:  68.2155 0.296932[0m
[0m[ INFO] [1642151886.757305720]:  68.2165 0.336009[0m
[0m[ INFO] [1642151886.825580452]:  68.2265 0.303996[0m
[0m[ INFO] [1642151886.893859087]:  68.2425 0.399761[0m
[0m[ INFO] [1642151886.962033403]:  68.2515 0.339549[0m
[0m[ INFO] [1642151887.032752715]:  68.2525 2.77437[0m
[0m[ INFO] [1642151887.098486547]:  68.2605 0.281989[0m
[0m[ INFO] [1642151887.166840639]:  68.2655 0.326817[0m
[0m[ INFO] [1642151887.235118410]:  68.2845 0.329093[0m
[0m[ INFO] [1642151887.303485974]:  68.3215 0.396128[0m
[0m[ INFO] [1642151887.371793570]:  68.3575 0.322748[0m
[0m[ INFO] [1642151887.440232110]:  68.3915 0.371367[0m
[0m[ INFO] [1642151887.508527866]:  68.4325 0.267434[0m
[0m[ INFO] [1642151887.577084775]:  68.4845 0.320141[0m
[0m[ INFO] [1642151887.645632019]:  68.5375 0.321[0m
[0m[ INFO] [1642151887.714491872]:  68.5945 0.567705[0m
[0m[ INFO] [1642151887.782828012]:  68.6775 0.277107[0m
[0m[ INFO] [1642151887.851659864]:  68.7495 0.334508[0m
[0m[ INFO] [1642151887.920489893]:  68.8085 0.321421[0m
[0m[ INFO] [1642151887.989270450]:  68.8615 0.299302[0m
[0m[ INFO] [1642151888.058248191]:  68.9315 0.343374[0m
[0m[ INFO] [1642151888.127382828]:  69.0335 0.333381[0m
[0m[ INFO] [1642151888.196483513]:  69.1345 0.407156[0m
[0m[ INFO] [1642151888.265625222]:  69.2035 0.340026[0m
[0m[ INFO] [1642151888.334881492]:  69.2825 0.298439[0m
[0m[ INFO] [1642151888.404442305]:  69.3915 0.444269[0m
[0m[ INFO] [1642151888.473799247]:  69.4705 0.330874[0m
[0m[ INFO] [1642151888.543255709]:  69.5115 0.313663[0m
[0m[ INFO] [1642151888.612704938]:  69.5015 0.26773[0m
[0m[ INFO] [1642151888.682187224]:  69.4685 0.283023[0m
[0m[ INFO] [1642151888.751782694]:  69.4295 0.414821[0m
[0m[ INFO] [1642151888.821408244]:  69.3645 0.715459[0m
[0m[ INFO] [1642151888.890245665]:  69.2705 0.279824[0m
[0m[ INFO] [1642151888.959960655]:  69.1485 0.830928[0m
[0m[ INFO] [1642151889.028426107]:  69.0065 0.299358[0m
[0m[ INFO] [1642151889.097499848]:  68.8515 0.517415[0m
[0m[ INFO] [1642151889.166229269]:  68.7085 0.534249[0m
[0m[ INFO] [1642151889.235776291]:  68.6095 1.46311[0m
[0m[ INFO] [1642151889.303217645]:  68.5235 0.355373[0m
[0m[ INFO] [1642151889.371563481]:  68.4455 0.302823[0m
[0m[ INFO] [1642151889.439901157]:  68.3695 0.272547[0m
[0m[ INFO] [1642151889.508253457]:  68.3035 0.309519[0m
[0m[ INFO] [1642151889.576523901]:  68.2685 0.315155[0m
[0m[ INFO] [1642151889.644742313]:  68.2455 0.293646[0m
[0m[ INFO] [1642151889.712960308]:  68.2225 0.284483[0m
[0m[ INFO] [1642151889.781291424]:  68.2195 0.383055[0m
[0m[ INFO] [1642151889.849456908]:  68.2265 0.307492[0m
[0m[ INFO] [1642151889.917711192]:  68.2405 0.356392[0m
[0m[ INFO] [1642151889.985868867]:  68.2535 0.263395[0m
[0m[ INFO] [1642151890.054211695]:  68.2815 0.325215[0m
[0m[ INFO] [1642151890.122511547]:  68.3245 0.300579[0m
[0m[ INFO] [1642151890.190930599]:  68.3795 0.317615[0m
[0m[ INFO] [1642151890.259463444]:  68.4465 0.415137[0m
[0m[ INFO] [1642151890.327854752]:  68.5095 0.29974[0m
[0m[ INFO] [1642151890.396378156]:  68.5575 0.269879[0m
[0m[ INFO] [1642151890.465005240]:  68.6065 0.285672[0m
[0m[ INFO] [1642151890.533643653]:  68.6475 0.278962[0m
[0m[ INFO] [1642151890.602376657]:  68.7155 0.292379[0m
[0m[ INFO] [1642151890.671171454]:  68.7875 0.284325[0m
[0m[ INFO] [1642151890.740098219]:  68.8695 0.344253[0m
[0m[ INFO] [1642151890.808985655]:  68.9545 0.28814[0m
[0m[ INFO] [1642151890.878115525]:  69.0305 0.359292[0m
[0m[ INFO] [1642151890.947190258]:  69.0975 0.322099[0m
[0m[ INFO] [1642151891.016289535]:  69.1425 0.314882[0m
[0m[ INFO] [1642151891.085408076]:  69.1915 0.258664[0m
[0m[ INFO] [1642151891.154661113]:  69.2125 0.295846[0m
[0m[ INFO] [1642151891.223900903]:  69.1995 0.312173[0m
[0m[ INFO] [1642151891.293133428]:  69.1555 0.32674[0m
[0m[ INFO] [1642151891.362052673]:  69.0755 0.259227[0m
[0m[ INFO] [1642151891.431185262]:  68.9825 0.38417[0m
[0m[ INFO] [1642151891.500067451]:  68.9195 0.322642[0m
[0m[ INFO] [1642151891.568938088]:  68.8645 0.356339[0m
[0m[ INFO] [1642151891.637635700]:  68.8115 0.264539[0m
[0m[ INFO] [1642151891.706636705]:  68.7645 0.425725[0m
[0m[ INFO] [1642151891.775419918]:  68.7245 0.495966[0m
[0m[ INFO] [1642151891.843960570]:  68.7015 0.350007[0m
[0m[ INFO] [1642151891.912765031]:  68.7225 0.409001[0m
[0m[ INFO] [1642151891.981406547]:  68.7555 0.331601[0m
[0m[ INFO] [1642151892.050472160]:  68.7805 0.578163[0m
[0m[ INFO] [1642151892.118944909]:  68.8065 0.310755[0m
[0m[ INFO] [1642151892.187720953]:  68.8305 0.264564[0m
[0m[ INFO] [1642151892.256648134]:  68.8515 0.303132[0m
[0m[ INFO] [1642151892.325648243]:  68.8665 0.425741[0m
[0m[ INFO] [1642151892.394426688]:  68.8865 0.342653[0m
[0m[ INFO] [1642151892.463245100]:  68.9045 0.261437[0m
[0m[ INFO] [1642151892.532241177]:  68.9175 0.339989[0m
[0m[ INFO] [1642151892.601074886]:  68.9305 0.259557[0m
[0m[ INFO] [1642151892.670181203]:  68.9425 0.424757[0m
[0m[ INFO] [1642151892.738991072]:  68.9605 0.272629[0m
[0m[ INFO] [1642151892.807988237]:  68.9795 0.272221[0m
[0m[ INFO] [1642151892.877007578]:  68.9885 0.301532[0m
[0m[ INFO] [1642151892.946120423]:  69.0245 0.3647[0m
[0m[ INFO] [1642151893.015120756]:  69.0655 0.307219[0m
[0m[ INFO] [1642151893.084355457]:  69.1035 0.426746[0m
[0m[ INFO] [1642151893.153436015]:  69.1125 0.434585[0m
[0m[ INFO] [1642151893.222450812]:  69.0705 0.38356[0m
[0m[ INFO] [1642151893.291369768]:  69.0065 0.249303[0m
[0m[ INFO] [1642151893.360884054]:  68.9485 0.863896[0m
[0m[ INFO] [1642151893.429190626]:  68.8935 0.260976[0m
[0m[ INFO] [1642151893.498163567]:  68.8415 0.35876[0m
[0m[ INFO] [1642151893.566815164]:  68.7945 0.262361[0m
[0m[ INFO] [1642151893.635676680]:  68.7655 0.329554[0m
[0m[ INFO] [1642151893.704322325]:  68.7605 0.246611[0m
[0m[ INFO] [1642151893.773110497]:  68.7545 0.274628[0m
[0m[ INFO] [1642151893.841876142]:  68.7455 0.278045[0m
[0m[ INFO] [1642151893.910680667]:  68.7335 0.336631[0m
[0m[ INFO] [1642151893.979387655]:  68.7455 0.267728[0m
[0m[ INFO] [1642151894.048200404]:  68.7815 0.330985[0m
[0m[ INFO] [1642151894.117027809]:  68.8115 0.332753[0m
[0m[ INFO] [1642151894.185783629]:  68.8375 0.298986[0m
[0m[ INFO] [1642151894.254718426]:  68.8735 0.296834[0m
[0m[ INFO] [1642151894.323599687]:  68.9295 0.311322[0m
[0m[ INFO] [1642151894.392513332]:  68.9835 0.24221[0m
[0m[ INFO] [1642151894.461645089]:  69.0225 0.315602[0m
[0m[ INFO] [1642151894.530706542]:  69.0595 0.306585[0m
[0m[ INFO] [1642151894.599809627]:  69.0905 0.331272[0m
[0m[ INFO] [1642151894.668916936]:  69.1055 0.319998[0m
[0m[ INFO] [1642151894.739550776]:  69.1185 1.88104[0m
[0m[ INFO] [1642151894.807072835]:  69.1305 0.275228[0m
[0m[ INFO] [1642151894.876243376]:  69.1095 0.307572[0m
[0m[ INFO] [1642151894.945370205]:  69.0495 0.365099[0m
[0m[ INFO] [1642151895.014229674]:  68.9615 0.293155[0m
[0m[ INFO] [1642151895.083123255]:  68.8975 0.28745[0m
[0m[ INFO] [1642151895.152116900]:  68.8435 0.374819[0m
[0m[ INFO] [1642151895.220740432]:  68.8025 0.279764[0m
[0m[ INFO] [1642151895.289491229]:  68.7695 0.260716[0m
[0m[ INFO] [1642151895.360662893]:  68.7575 2.66651[0m
[0m[ INFO] [1642151895.427057110]:  68.7495 0.295391[0m
[0m[ INFO] [1642151895.495738114]:  68.7455 0.250968[0m
[0m[ INFO] [1642151895.564751215]:  68.7445 0.469145[0m
[0m[ INFO] [1642151895.633456444]:  68.7223 0.448141[0m
[0m[ INFO] [1642151895.701984264]:  68.7465 0.273086[0m
[0m[ INFO] [1642151895.770723509]:  68.7545 0.270319[0m
[0m[ INFO] [1642151895.839524161]:  68.7835 0.288632[0m
[0m[ INFO] [1642151895.908357070]:  68.8145 0.306057[0m
[0m[ INFO] [1642151895.977232123]:  68.8485 0.313609[0m
[0m[ INFO] [1642151896.046119688]:  68.9065 0.291226[0m
[0m[ INFO] [1642151896.115205301]:  68.9925 0.360057[0m
[0m[ INFO] [1642151896.184188962]:  69.0735 0.297104[0m
[0m[ INFO] [1642151896.253497807]:  69.1315 0.498103[0m
[0m[ INFO] [1642151896.322440476]:  69.1485 0.282773[0m
[0m[ INFO] [1642151896.392011626]:  69.1555 0.694973[0m
[0m[ INFO] [1642151896.460815543]:  69.1975 0.289011[0m
[0m[ INFO] [1642151896.530197156]:  69.2375 0.420265[0m
[0m[ INFO] [1642151896.599308433]:  69.2395 0.299311[0m
[0m[ INFO] [1642151896.668583455]:  69.1965 0.372462[0m
[0m[ INFO] [1642151896.737587660]:  69.1345 0.263836[0m
[0m[ INFO] [1642151896.806669881]:  69.0465 0.296747[0m
[0m[ INFO] [1642151896.875680646]:  68.9495 0.350307[0m
[0m[ INFO] [1642151896.944641971]:  68.8805 0.405828[0m
[0m[ INFO] [1642151897.013295071]:  68.8295 0.275868[0m
[0m[ INFO] [1642151897.082175564]:  68.8085 0.346653[0m
[0m[ INFO] [1642151897.150959993]:  68.8115 0.308998[0m
[0m[ INFO] [1642151897.220113926]:  68.8025 0.653911[0m
[0m[ INFO] [1642151897.288528178]:  68.7945 0.281447[0m
[0m[ INFO] [1642151897.357294207]:  68.7845 0.270056[0m
[0m[ INFO] [1642151897.426148523]:  68.8055 0.305377[0m
[0m[ INFO] [1642151897.495056344]:  68.8325 0.361953[0m
[0m[ INFO] [1642151897.563791781]:  68.8515 0.27681[0m
[0m[ INFO] [1642151897.632723218]:  68.8675 0.314579[0m
[0m[ INFO] [1642151897.701713247]:  68.8885 0.37845[0m
[0m[ INFO] [1642151897.770549739]:  68.9085 0.323795[0m
[0m[ INFO] [1642151897.839373848]:  68.9205 0.257107[0m
[0m[ INFO] [1642151897.908294885]:  68.9315 0.268219[0m
[0m[ INFO] [1642151897.977213938]:  68.9445 0.242363[0m
[0m[ INFO] [1642151898.046325023]:  68.9635 0.344227[0m
[0m[ INFO] [1642151898.115187372]:  68.9735 0.276859[0m
[0m[ INFO] [1642151898.184371097]:  68.9835 0.415586[0m
[0m[ INFO] [1642151898.253321606]:  68.9935 0.347898[0m
[0m[ INFO] [1642151898.322203475]:  69.0085 0.29641[0m
[0m[ INFO] [1642151898.391294336]:  69.0475 0.324993[0m
[0m[ INFO] [1642151898.460339405]:  69.0815 0.300696[0m
[0m[ INFO] [1642151898.529401850]:  69.1255 0.25531[0m
[0m[ INFO] [1642151898.598602407]:  69.1825 0.263581[0m
[0m[ INFO] [1642151898.667868245]:  69.1975 0.337012[0m
[0m[ INFO] [1642151898.736998082]:  69.1685 0.304882[0m
[0m[ INFO] [1642151898.806072847]:  69.1045 0.255057[0m
[0m[ INFO] [1642151898.875118460]:  69.0125 0.303888[0m
[0m[ INFO] [1642151898.944002729]:  68.9415 0.243464[0m
[0m[ INFO] [1642151899.012951478]:  68.8865 0.290553[0m
[0m[ INFO] [1642151899.081813187]:  68.8355 0.300225[0m
[0m[ INFO] [1642151899.150676879]:  68.8115 0.341194[0m
[0m[ INFO] [1642151899.219544028]:  68.8045 0.401739[0m
[0m[ INFO] [1642151899.288366921]:  68.7995 0.425876[0m
[0m[ INFO] [1642151899.357012693]:  68.7965 0.28706[0m
[0m[ INFO] [1642151899.425766658]:  68.7815 0.281293[0m
[0m[ INFO] [1642151899.494548047]:  68.7795 0.290742[0m
[0m[ INFO] [1642151899.563753948]:  68.7765 0.717976[0m
[0m[ INFO] [1642151899.632268232]:  68.7775 0.42968[0m
[0m[ INFO] [1642151899.701063797]:  68.8055 0.405993[0m
[0m[ INFO] [1642151899.769857665]:  68.8635 0.349137[0m
[0m[ INFO] [1642151899.838868590]:  68.9195 0.424921[0m
[0m[ INFO] [1642151899.907628283]:  68.9685 0.264121[0m
[0m[ INFO] [1642151899.976655752]:  69.0075 0.273569[0m
[0m[ INFO] [1642151900.045671605]:  69.0465 0.248784[0m
[0m[ INFO] [1642151900.114772674]:  69.0705 0.270719[0m
[0m[ INFO] [1642151900.183906959]:  69.0695 0.323862[0m
[0m[ INFO] [1642151900.253047965]:  69.0495 0.393421[0m
[0m[ INFO] [1642151900.321986505]:  69.0545 0.293308[0m
[0m[ INFO] [1642151900.391094711]:  69.0625 0.350604[0m
[0m[ INFO] [1642151900.460035012]:  69.0665 0.245659[0m
[0m[ INFO] [1642151900.534933210]:  69.0545 6.06136[0m
... logging to /home/quicktron/.ros/log/8343bd36-7514-11ec-a062-48b02d0de192/roslaunch-tegra-ubuntu-32489.log
Checking log directory for disk usage. This may take a while.
Press Ctrl-C to interrupt
Done checking log file disk usage. Usage is <1GB.
]2;/home/quicktron/slam/src/c200_lidar_20220110kuaicang/launch/c200.launch
[1mstarted roslaunch server http://192.168.111.111:34525/[0m

SUMMARY
========

PARAMETERS
 * /c200_lidar_node/filterswitch: True
 * /c200_lidar_node/frame_id: /scan
 * /c200_lidar_node/host: 192.168.0.240
 * /c200_lidar_node/offset_angle: -90
 * /c200_lidar_node/port: 2111
 * /c200_lidar_node/range_max: 30
 * /c200_lidar_node/range_min: 0.05
 * /rosdistro: melodic
 * /rosversion: 1.14.6

NODES
  /
    c200_lidar_node (c200_lidar/c200_lidar_node)

[1mROS_MASTER_URI=http://192.168.111.111:11311[0m
]2;/home/quicktron/slam/src/c200_lidar_20220110kuaicang/launch/c200.launch http://192.168.111.111:11311
[1mprocess[c200_lidar_node-1]: started with pid [32619][0m
[c200_lidar_node-1] killing on exit
shutting down processing monitor...
... shutting down processing monitor complete
[1mdone[0m
