Performing C++ SOURCE FILE Test CMAKE_HAVE_LIBC_PTHREAD failed with the following output:
Change Dir: /home/zxj/srosbag-ui-update/modules/srosbag/cmake-build-release/CMakeFiles/CMakeTmp

Run Build Command(s):/usr/bin/make cmTC_952bd/fast && /usr/bin/make  -f CMakeFiles/cmTC_952bd.dir/build.make CMakeFiles/cmTC_952bd.dir/build
make[1]: 进入目录“/home/zxj/srosbag-ui-update/modules/srosbag/cmake-build-release/CMakeFiles/CMakeTmp”
Building CXX object CMakeFiles/cmTC_952bd.dir/src.cxx.o
/usr/bin/c++ -DCMAKE_HAVE_LIBC_PTHREAD  -std=gnu++17 -o CMakeFiles/cmTC_952bd.dir/src.cxx.o -c /home/zxj/srosbag-ui-update/modules/srosbag/cmake-build-release/CMakeFiles/CMakeTmp/src.cxx
Linking CXX executable cmTC_952bd
/home/zxj/下载/CLion-2021.1.3/clion-2021.1.3/bin/cmake/linux/bin/cmake -E cmake_link_script CMakeFiles/cmTC_952bd.dir/link.txt --verbose=1
/usr/bin/c++ CMakeFiles/cmTC_952bd.dir/src.cxx.o -o cmTC_952bd 
/usr/bin/ld: CMakeFiles/cmTC_952bd.dir/src.cxx.o: in function `main':
src.cxx:(.text+0x46): undefined reference to `pthread_create'
/usr/bin/ld: src.cxx:(.text+0x52): undefined reference to `pthread_detach'
/usr/bin/ld: src.cxx:(.text+0x5e): undefined reference to `pthread_cancel'
/usr/bin/ld: src.cxx:(.text+0x6f): undefined reference to `pthread_join'
collect2: error: ld returned 1 exit status
make[1]: *** [CMakeFiles/cmTC_952bd.dir/build.make:106：cmTC_952bd] 错误 1
make[1]: 离开目录“/home/zxj/srosbag-ui-update/modules/srosbag/cmake-build-release/CMakeFiles/CMakeTmp”
make: *** [Makefile:140：cmTC_952bd/fast] 错误 2


Source file was:
#include <pthread.h>

static void* test_func(void* data)
{
  return data;
}

int main(void)
{
  pthread_t thread;
  pthread_create(&thread, NULL, test_func, NULL);
  pthread_detach(thread);
  pthread_cancel(thread);
  pthread_join(thread, NULL);
  pthread_atfork(NULL, NULL, NULL);
  pthread_exit(NULL);

  return 0;
}

Determining if the function pthread_create exists in the pthreads failed with the following output:
Change Dir: /home/zxj/srosbag-ui-update/modules/srosbag/cmake-build-release/CMakeFiles/CMakeTmp

Run Build Command(s):/usr/bin/make cmTC_78f28/fast && /usr/bin/make  -f CMakeFiles/cmTC_78f28.dir/build.make CMakeFiles/cmTC_78f28.dir/build
make[1]: 进入目录“/home/zxj/srosbag-ui-update/modules/srosbag/cmake-build-release/CMakeFiles/CMakeTmp”
Building CXX object CMakeFiles/cmTC_78f28.dir/CheckFunctionExists.cxx.o
/usr/bin/c++   -DCHECK_FUNCTION_EXISTS=pthread_create -std=gnu++17 -o CMakeFiles/cmTC_78f28.dir/CheckFunctionExists.cxx.o -c /home/zxj/srosbag-ui-update/modules/srosbag/cmake-build-release/CMakeFiles/CheckLibraryExists/CheckFunctionExists.cxx
Linking CXX executable cmTC_78f28
/home/zxj/下载/CLion-2021.1.3/clion-2021.1.3/bin/cmake/linux/bin/cmake -E cmake_link_script CMakeFiles/cmTC_78f28.dir/link.txt --verbose=1
/usr/bin/c++  -DCHECK_FUNCTION_EXISTS=pthread_create CMakeFiles/cmTC_78f28.dir/CheckFunctionExists.cxx.o -o cmTC_78f28  -lpthreads 
/usr/bin/ld: 找不到 -lpthreads
collect2: error: ld returned 1 exit status
make[1]: *** [CMakeFiles/cmTC_78f28.dir/build.make:106：cmTC_78f28] 错误 1
make[1]: 离开目录“/home/zxj/srosbag-ui-update/modules/srosbag/cmake-build-release/CMakeFiles/CMakeTmp”
make: *** [Makefile:140：cmTC_78f28/fast] 错误 2



