Performing C++ SOURCE FILE Test CMAKE_HAVE_LIBC_PTHREAD failed with the following output:
Change Dir: /home/zxj/srosbag-ui-update/modules/srosbag/cmake-build-debug/CMakeFiles/CMakeTmp

Run Build Command(s):/usr/bin/make cmTC_6225a/fast && /usr/bin/make  -f CMakeFiles/cmTC_6225a.dir/build.make CMakeFiles/cmTC_6225a.dir/build
make[1]: 进入目录“/home/zxj/srosbag-ui-update/modules/srosbag/cmake-build-debug/CMakeFiles/CMakeTmp”
Building CXX object CMakeFiles/cmTC_6225a.dir/src.cxx.o
/usr/bin/c++ -DCMAKE_HAVE_LIBC_PTHREAD  -std=gnu++17 -o CMakeFiles/cmTC_6225a.dir/src.cxx.o -c /home/zxj/srosbag-ui-update/modules/srosbag/cmake-build-debug/CMakeFiles/CMakeTmp/src.cxx
Linking CXX executable cmTC_6225a
/home/zxj/下载/CLion-2021.1.3/clion-2021.1.3/bin/cmake/linux/bin/cmake -E cmake_link_script CMakeFiles/cmTC_6225a.dir/link.txt --verbose=1
/usr/bin/c++ CMakeFiles/cmTC_6225a.dir/src.cxx.o -o cmTC_6225a 
/usr/bin/ld: CMakeFiles/cmTC_6225a.dir/src.cxx.o: in function `main':
src.cxx:(.text+0x46): undefined reference to `pthread_create'
/usr/bin/ld: src.cxx:(.text+0x52): undefined reference to `pthread_detach'
/usr/bin/ld: src.cxx:(.text+0x5e): undefined reference to `pthread_cancel'
/usr/bin/ld: src.cxx:(.text+0x6f): undefined reference to `pthread_join'
collect2: error: ld returned 1 exit status
make[1]: *** [CMakeFiles/cmTC_6225a.dir/build.make:106：cmTC_6225a] 错误 1
make[1]: 离开目录“/home/zxj/srosbag-ui-update/modules/srosbag/cmake-build-debug/CMakeFiles/CMakeTmp”
make: *** [Makefile:140：cmTC_6225a/fast] 错误 2


Source file was:
#include <pthread.h>

static void* test_func(void* data)
{
  return data;
}

int main(void)
{
  pthread_t thread;
  pthread_create(&thread, NULL, test_func, NULL);
  pthread_detach(thread);
  pthread_cancel(thread);
  pthread_join(thread, NULL);
  pthread_atfork(NULL, NULL, NULL);
  pthread_exit(NULL);

  return 0;
}

Determining if the function pthread_create exists in the pthreads failed with the following output:
Change Dir: /home/zxj/srosbag-ui-update/modules/srosbag/cmake-build-debug/CMakeFiles/CMakeTmp

Run Build Command(s):/usr/bin/make cmTC_fb3c7/fast && /usr/bin/make  -f CMakeFiles/cmTC_fb3c7.dir/build.make CMakeFiles/cmTC_fb3c7.dir/build
make[1]: 进入目录“/home/zxj/srosbag-ui-update/modules/srosbag/cmake-build-debug/CMakeFiles/CMakeTmp”
Building CXX object CMakeFiles/cmTC_fb3c7.dir/CheckFunctionExists.cxx.o
/usr/bin/c++   -DCHECK_FUNCTION_EXISTS=pthread_create -std=gnu++17 -o CMakeFiles/cmTC_fb3c7.dir/CheckFunctionExists.cxx.o -c /home/zxj/srosbag-ui-update/modules/srosbag/cmake-build-debug/CMakeFiles/CheckLibraryExists/CheckFunctionExists.cxx
Linking CXX executable cmTC_fb3c7
/home/zxj/下载/CLion-2021.1.3/clion-2021.1.3/bin/cmake/linux/bin/cmake -E cmake_link_script CMakeFiles/cmTC_fb3c7.dir/link.txt --verbose=1
/usr/bin/c++  -DCHECK_FUNCTION_EXISTS=pthread_create CMakeFiles/cmTC_fb3c7.dir/CheckFunctionExists.cxx.o -o cmTC_fb3c7  -lpthreads 
/usr/bin/ld: 找不到 -lpthreads
collect2: error: ld returned 1 exit status
make[1]: *** [CMakeFiles/cmTC_fb3c7.dir/build.make:106：cmTC_fb3c7] 错误 1
make[1]: 离开目录“/home/zxj/srosbag-ui-update/modules/srosbag/cmake-build-debug/CMakeFiles/CMakeTmp”
make: *** [Makefile:140：cmTC_fb3c7/fast] 错误 2



