Performing C SOURCE FILE Test CMAKE_HAVE_LIBC_PTHREAD failed with the following output:
Change Dir: /home/zxj/桌面/my_code/standard_lidar_driver/lidar_ws/src/cmake-build-debug/CMakeFiles/CMakeTmp

Run Build Command(s):/usr/bin/make cmTC_bc04a/fast && /usr/bin/make  -f CMakeFiles/cmTC_bc04a.dir/build.make CMakeFiles/cmTC_bc04a.dir/build
make[1]: 进入目录“/home/zxj/桌面/my_code/standard_lidar_driver/lidar_ws/src/cmake-build-debug/CMakeFiles/CMakeTmp”
Building C object CMakeFiles/cmTC_bc04a.dir/src.c.o
/usr/bin/cc -DCMAKE_HAVE_LIBC_PTHREAD   -o CMakeFiles/cmTC_bc04a.dir/src.c.o -c /home/zxj/桌面/my_code/standard_lidar_driver/lidar_ws/src/cmake-build-debug/CMakeFiles/CMakeTmp/src.c
Linking C executable cmTC_bc04a
/home/zxj/下载/CLion-2021.1.3/clion-2021.1.3/bin/cmake/linux/bin/cmake -E cmake_link_script CMakeFiles/cmTC_bc04a.dir/link.txt --verbose=1
/usr/bin/cc -rdynamic CMakeFiles/cmTC_bc04a.dir/src.c.o -o cmTC_bc04a 
/usr/bin/ld: CMakeFiles/cmTC_bc04a.dir/src.c.o: in function `main':
src.c:(.text+0x46): undefined reference to `pthread_create'
/usr/bin/ld: src.c:(.text+0x52): undefined reference to `pthread_detach'
/usr/bin/ld: src.c:(.text+0x5e): undefined reference to `pthread_cancel'
/usr/bin/ld: src.c:(.text+0x6f): undefined reference to `pthread_join'
collect2: error: ld returned 1 exit status
make[1]: *** [CMakeFiles/cmTC_bc04a.dir/build.make:106：cmTC_bc04a] 错误 1
make[1]: 离开目录“/home/zxj/桌面/my_code/standard_lidar_driver/lidar_ws/src/cmake-build-debug/CMakeFiles/CMakeTmp”
make: *** [Makefile:140：cmTC_bc04a/fast] 错误 2


Source file was:
#include <pthread.h>

static void* test_func(void* data)
{
  return data;
}

int main(void)
{
  pthread_t thread;
  pthread_create(&thread, NULL, test_func, NULL);
  pthread_detach(thread);
  pthread_cancel(thread);
  pthread_join(thread, NULL);
  pthread_atfork(NULL, NULL, NULL);
  pthread_exit(NULL);

  return 0;
}

Determining if the function pthread_create exists in the pthreads failed with the following output:
Change Dir: /home/zxj/桌面/my_code/standard_lidar_driver/lidar_ws/src/cmake-build-debug/CMakeFiles/CMakeTmp

Run Build Command(s):/usr/bin/make cmTC_dd5ea/fast && /usr/bin/make  -f CMakeFiles/cmTC_dd5ea.dir/build.make CMakeFiles/cmTC_dd5ea.dir/build
make[1]: 进入目录“/home/zxj/桌面/my_code/standard_lidar_driver/lidar_ws/src/cmake-build-debug/CMakeFiles/CMakeTmp”
Building C object CMakeFiles/cmTC_dd5ea.dir/CheckFunctionExists.c.o
/usr/bin/cc   -DCHECK_FUNCTION_EXISTS=pthread_create -o CMakeFiles/cmTC_dd5ea.dir/CheckFunctionExists.c.o -c /home/zxj/下载/CLion-2021.1.3/clion-2021.1.3/bin/cmake/linux/share/cmake-3.19/Modules/CheckFunctionExists.c
Linking C executable cmTC_dd5ea
/home/zxj/下载/CLion-2021.1.3/clion-2021.1.3/bin/cmake/linux/bin/cmake -E cmake_link_script CMakeFiles/cmTC_dd5ea.dir/link.txt --verbose=1
/usr/bin/cc  -DCHECK_FUNCTION_EXISTS=pthread_create -rdynamic CMakeFiles/cmTC_dd5ea.dir/CheckFunctionExists.c.o -o cmTC_dd5ea  -lpthreads 
/usr/bin/ld: 找不到 -lpthreads
collect2: error: ld returned 1 exit status
make[1]: *** [CMakeFiles/cmTC_dd5ea.dir/build.make:106：cmTC_dd5ea] 错误 1
make[1]: 离开目录“/home/zxj/桌面/my_code/standard_lidar_driver/lidar_ws/src/cmake-build-debug/CMakeFiles/CMakeTmp”
make: *** [Makefile:140：cmTC_dd5ea/fast] 错误 2



